{
  "RSpec": {
    "coverage": {
      "/Users/leo/Sites/fables/app/models/api.rb": [
        1,
        1,
        4,
        null,
        null
      ],
      "/Users/leo/Sites/fables/app/models/api/user.rb": [
        1,
        13,
        1,
        20,
        1,
        11,
        1,
        4,
        1,
        1,
        null,
        1,
        5,
        null,
        null,
        1,
        7,
        null,
        null
      ],
      "/Users/leo/Sites/fables/app/models/api/story.rb": [
        1,
        1,
        1,
        1,
        1,
        null
      ],
      "/Users/leo/Sites/fables/app/models/api/subscribtion.rb": [
        1,
        1,
        1,
        null
      ],
      "/Users/leo/Sites/fables/app/services/security.rb": [
        1,
        1,
        35,
        null,
        null,
        1,
        33,
        null,
        null
      ],
      "/Users/leo/Sites/fables/app/controllers/api_controller.rb": [
        1,
        null,
        1,
        null,
        1,
        3,
        null,
        3,
        2,
        null,
        2,
        1,
        null,
        1,
        null,
        null,
        1,
        null,
        null,
        null,
        1,
        null,
        1,
        20,
        null,
        20,
        1,
        null,
        19,
        null,
        19,
        0,
        null,
        null,
        null,
        null,
        1,
        19,
        null,
        null
      ],
      "/Users/leo/Sites/fables/app/controllers/application_controller.rb": [
        1,
        null,
        1,
        null,
        null
      ],
      "/Users/leo/Sites/fables/app/controllers/api/users_controller.rb": [
        1,
        null,
        1,
        null,
        null,
        null,
        1,
        1,
        1,
        null,
        1,
        1,
        2,
        2,
        null,
        null,
        2,
        1,
        null,
        1,
        1,
        1,
        null,
        1,
        null,
        1,
        1,
        null,
        0,
        null,
        null,
        null,
        null,
        1,
        1,
        1,
        null,
        null,
        1,
        1,
        1,
        null,
        1,
        null,
        null,
        1,
        1,
        1,
        null,
        1,
        null,
        null,
        1,
        1,
        1,
        null,
        null,
        1,
        1,
        1,
        null,
        null,
        1,
        1,
        null,
        null,
        1,
        1,
        9,
        9,
        null,
        null,
        1,
        5,
        0,
        null,
        5,
        0,
        null,
        null,
        null,
        null,
        1,
        3,
        null,
        null
      ],
      "/Users/leo/Sites/fables/app/controllers/api/stories_controller.rb": [
        1,
        null,
        1,
        null,
        1,
        null,
        null,
        1,
        1,
        1,
        null,
        1,
        null,
        1,
        1,
        null,
        1,
        1,
        null,
        0,
        null,
        null,
        0,
        null,
        null,
        null,
        1,
        1,
        null,
        3,
        null,
        3,
        1,
        null,
        2,
        1,
        null,
        1,
        null,
        null,
        null,
        null,
        1,
        1,
        null,
        null
      ],
      "/Users/leo/Sites/fables/app/controllers/api/subscriptions_controller.rb": [
        1,
        1,
        null,
        1,
        2,
        2,
        1,
        null,
        1,
        1,
        1,
        null,
        null,
        null,
        1,
        4,
        4,
        null,
        3,
        2,
        null,
        2,
        null,
        1,
        null,
        null,
        1,
        1,
        null,
        null,
        null,
        1,
        1,
        2,
        null,
        null,
        null
      ],
      "/Users/leo/Sites/fables/app/models/api/reception.rb": [
        1,
        1,
        1,
        null
      ]
    },
    "timestamp": 1424040664
  }
}
